<?xml version="1.0" encoding="UTF-8"?>
<testng-results skipped="0" failed="0" total="1" passed="1">
  <reporter-output>
  </reporter-output>
  <suite name="Default suite" duration-ms="84" started-at="2016-03-03T08:43:27Z" finished-at="2016-03-03T08:43:27Z">
    <groups>
    </groups>
    <test name="Default test" duration-ms="84" started-at="2016-03-03T08:43:27Z" finished-at="2016-03-03T08:43:27Z">
      <class name="app.core.service.TrainStockTest">
        <test-method status="PASS" signature="bitsetTest()[pri:0, instance:app.core.service.TrainStockTest@358b3364]" name="bitsetTest" duration-ms="35" started-at="2016-03-03T16:43:27Z" finished-at="2016-03-03T16:43:27Z">
          <reporter-output>
          </reporter-output>
        </test-method> <!-- bitsetTest -->
      </class> <!-- app.core.service.TrainStockTest -->
    </test> <!-- Default test -->
  </suite> <!-- Default suite -->
</testng-results>
